# JRE version: Java(TM) SE Runtime Environment (18.0.1.1+2) (build 18.0.1.1+2-6)
# Java VM: Java HotSpot(TM) 64-Bit Server VM (18.0.1.1+2-6, mixed mode, sharing, tiered, compressed oops, compressed class ptrs, g1 gc, windows-amd64)
GC Precious Log:
 CardTable entry size: 512
 Card Set container configuration: InlinePtr #cards 5 size 8 Array Of Cards #cards 12 size 40 Howl #buckets 4 coarsen threshold 1843 Howl Bitmap #cards 512 size 80 coarsen threshold 460 Card regions per heap region 1 cards per card region 2048
 CPUs: 16 total, 16 available
 Memory: 16085M
 Large Page Support: Disabled
 NUMA Support: Disabled
 Compressed Oops: Enabled (32-bit)
 Heap Region Size: 1M
 Heap Min Capacity: 8M
 Heap Initial Capacity: 252M
 Heap Max Capacity: 2G
 Pre-touch: Disabled
 Parallel Workers: 13
 Concurrent Workers: 3
 Concurrent Refinement Workers: 13
 Periodic GC: Disabled
Heap:
 garbage-first heap   total 263168K, used 116603K [0x0000000080000000, 0x0000000100000000)
  region size 1024K, 5 young (5120K), 5 survivors (5120K)
 Metaspace       used 94342K, committed 96384K, reserved 1179648K
  class space    used 12702K, committed 13760K, reserved 1048576K
GC Heap History (20 events):
Event: 5.741 GC heap after
{Heap after GC invocations=20 (full 0):
 garbage-first heap   total 207872K, used 97670K [0x0000000080000000, 0x0000000100000000)
  region size 1024K, 6 young (6144K), 6 survivors (6144K)
 Metaspace       used 83231K, committed 85120K, reserved 1179648K
  class space    used 11372K, committed 12352K, reserved 1048576K
}
Event: 5.979 GC heap before
{Heap before GC invocations=20 (full 0):
 garbage-first heap   total 207872K, used 167302K [0x0000000080000000, 0x0000000100000000)
  region size 1024K, 75 young (76800K), 6 survivors (6144K)
 Metaspace       used 86793K, committed 88704K, reserved 1179648K
  class space    used 11829K, committed 12864K, reserved 1048576K
}
Event: 5.983 GC heap after
{Heap after GC invocations=21 (full 0):
 garbage-first heap   total 207872K, used 102585K [0x0000000080000000, 0x0000000100000000)
  region size 1024K, 5 young (5120K), 5 survivors (5120K)
 Metaspace       used 86793K, committed 88704K, reserved 1179648K
  class space    used 11829K, committed 12864K, reserved 1048576K
}
Event: 7.093 GC heap before
{Heap before GC invocations=21 (full 0):
 garbage-first heap   total 207872K, used 168121K [0x0000000080000000, 0x0000000100000000)
  region size 1024K, 70 young (71680K), 5 survivors (5120K)
 Metaspace       used 88610K, committed 90432K, reserved 1179648K
  class space    used 12042K, committed 12992K, reserved 1048576K
}
Event: 7.097 GC heap after
{Heap after GC invocations=22 (full 0):
 garbage-first heap   total 249856K, used 106809K [0x0000000080000000, 0x0000000100000000)
  region size 1024K, 5 young (5120K), 5 survivors (5120K)
 Metaspace       used 88610K, committed 90432K, reserved 1179648K
  class space    used 12042K, committed 12992K, reserved 1048576K
}
Event: 7.281 GC heap before
{Heap before GC invocations=23 (full 0):
 garbage-first heap   total 249856K, used 198969K [0x0000000080000000, 0x0000000100000000)
  region size 1024K, 94 young (96256K), 5 survivors (5120K)
 Metaspace       used 88586K, committed 90432K, reserved 1179648K
  class space    used 12035K, committed 12992K, reserved 1048576K
}
Event: 7.283 GC heap after
{Heap after GC invocations=24 (full 0):
 garbage-first heap   total 249856K, used 109236K [0x0000000080000000, 0x0000000100000000)
  region size 1024K, 5 young (5120K), 5 survivors (5120K)
 Metaspace       used 88586K, committed 90432K, reserved 1179648K
  class space    used 12035K, committed 12992K, reserved 1048576K
}
Event: 7.292 GC heap before
{Heap before GC invocations=24 (full 0):
 garbage-first heap   total 249856K, used 116404K [0x0000000080000000, 0x0000000100000000)
  region size 1024K, 12 young (12288K), 5 survivors (5120K)
 Metaspace       used 88586K, committed 90432K, reserved 1179648K
  class space    used 12035K, committed 12992K, reserved 1048576K
}
Event: 7.295 GC heap after
{Heap after GC invocations=25 (full 0):
 garbage-first heap   total 249856K, used 109122K [0x0000000080000000, 0x0000000100000000)
  region size 1024K, 2 young (2048K), 2 survivors (2048K)
 Metaspace       used 88586K, committed 90432K, reserved 1179648K
  class space    used 12035K, committed 12992K, reserved 1048576K
}
Event: 7.638 GC heap before
{Heap before GC invocations=25 (full 0):
 garbage-first heap   total 249856K, used 201282K [0x0000000080000000, 0x0000000100000000)
  region size 1024K, 93 young (95232K), 2 survivors (2048K)
 Metaspace       used 89048K, committed 91008K, reserved 1179648K
  class space    used 12098K, committed 13120K, reserved 1048576K
}
Event: 7.639 GC heap after
{Heap after GC invocations=26 (full 0):
 garbage-first heap   total 249856K, used 106494K [0x0000000080000000, 0x0000000100000000)
  region size 1024K, 1 young (1024K), 1 survivors (1024K)
 Metaspace       used 89048K, committed 91008K, reserved 1179648K
  class space    used 12098K, committed 13120K, reserved 1048576K
}
Event: 9.886 GC heap before
{Heap before GC invocations=26 (full 0):
 garbage-first heap   total 249856K, used 203774K [0x0000000080000000, 0x0000000100000000)
  region size 1024K, 97 young (99328K), 1 survivors (1024K)
 Metaspace       used 94134K, committed 96128K, reserved 1179648K
  class space    used 12695K, committed 13760K, reserved 1048576K
}
Event: 9.889 GC heap after
{Heap after GC invocations=27 (full 0):
 garbage-first heap   total 249856K, used 111398K [0x0000000080000000, 0x0000000100000000)
  region size 1024K, 6 young (6144K), 6 survivors (6144K)
 Metaspace       used 94134K, committed 96128K, reserved 1179648K
  class space    used 12695K, committed 13760K, reserved 1048576K
}
Event: 9.968 GC heap before
{Heap before GC invocations=27 (full 0):
 garbage-first heap   total 249856K, used 206630K [0x0000000080000000, 0x0000000100000000)
  region size 1024K, 98 young (100352K), 6 survivors (6144K)
 Metaspace       used 94276K, committed 96256K, reserved 1179648K
  class space    used 12702K, committed 13760K, reserved 1048576K
}
Event: 9.972 GC heap after
{Heap after GC invocations=28 (full 0):
 garbage-first heap   total 249856K, used 114517K [0x0000000080000000, 0x0000000100000000)
  region size 1024K, 7 young (7168K), 7 survivors (7168K)
 Metaspace       used 94276K, committed 96256K, reserved 1179648K
  class space    used 12702K, committed 13760K, reserved 1048576K
}
Event: 10.017 GC heap before
{Heap before GC invocations=28 (full 0):
 garbage-first heap   total 249856K, used 207701K [0x0000000080000000, 0x0000000100000000)
  region size 1024K, 99 young (101376K), 7 survivors (7168K)
 Metaspace       used 94291K, committed 96256K, reserved 1179648K
  class space    used 12702K, committed 13760K, reserved 1048576K
}
Event: 10.021 GC heap after
{Heap after GC invocations=29 (full 0):
 garbage-first heap   total 249856K, used 115789K [0x0000000080000000, 0x0000000100000000)
  region size 1024K, 8 young (8192K), 8 survivors (8192K)
 Metaspace       used 94291K, committed 96256K, reserved 1179648K
  class space    used 12702K, committed 13760K, reserved 1048576K
}
Event: 10.075 GC heap before
{Heap before GC invocations=29 (full 0):
 garbage-first heap   total 249856K, used 209997K [0x0000000080000000, 0x0000000100000000)
  region size 1024K, 101 young (103424K), 8 survivors (8192K)
 Metaspace       used 94321K, committed 96384K, reserved 1179648K
  class space    used 12702K, committed 13760K, reserved 1048576K
}
Event: 10.079 GC heap after
{Heap after GC invocations=30 (full 0):
 garbage-first heap   total 249856K, used 115954K [0x0000000080000000, 0x0000000100000000)
  region size 1024K, 4 young (4096K), 4 survivors (4096K)
 Metaspace       used 94321K, committed 96384K, reserved 1179648K
  class space    used 12702K, committed 13760K, reserved 1048576K
}
Event: 10.135 GC heap before
{Heap before GC invocations=30 (full 0):
 garbage-first heap   total 249856K, used 211186K [0x0000000080000000, 0x0000000100000000)
  region size 1024K, 98 young (100352K), 4 survivors (4096K)
 Metaspace       used 94342K, committed 96384K, reserved 1179648K
  class space    used 12702K, committed 13760K, reserved 1048576K
}

